<?xml version="1.0" ?>
<testsuite name="RegisterAccountTest_1-20220524083906" tests="1" time="0.002" failures="0" errors="1">
	<testcase classname="RegisterAccountTest_1" name="test_first_name_input" time="0.002">
		<error type="UnboundLocalError" message="local variable 'case' referenced before assignment"><![CDATA[Traceback (most recent call last):
  File "c:\Python\Selenium\UTYourStore\Tests\test1_register.py", line 34, in test_first_name_input
    register.input_firstname(case)
UnboundLocalError: local variable 'case' referenced before assignment
]]></error>
	</testcase>
	<system-out><![CDATA[]]></system-out>
	<system-err><![CDATA[]]></system-err>
</testsuite>
